#! /opt/homebrew/Cellar/icarus-verilog/11.0/bin/vvp
:ivl_version "11.0 (stable)";
:ivl_delay_selection "TYPICAL";
:vpi_time_precision - 1;
:vpi_module "/opt/homebrew/Cellar/icarus-verilog/11.0/lib/ivl/system.vpi";
:vpi_module "/opt/homebrew/Cellar/icarus-verilog/11.0/lib/ivl/vhdl_sys.vpi";
:vpi_module "/opt/homebrew/Cellar/icarus-verilog/11.0/lib/ivl/vhdl_textio.vpi";
:vpi_module "/opt/homebrew/Cellar/icarus-verilog/11.0/lib/ivl/v2005_math.vpi";
:vpi_module "/opt/homebrew/Cellar/icarus-verilog/11.0/lib/ivl/va_math.vpi";
S_0x149f05660 .scope module, "main" "main" 2 4;
 .timescale 0 -1;
L_0x60000031e530 .functor NOT 1, v0x600001a12370_0, C4<0>, C4<0>, C4<0>;
L_0x60000031e5a0 .functor NOT 1, v0x600001a12370_0, C4<0>, C4<0>, C4<0>;
L_0x60000031e610 .functor NOT 1, v0x600001a12400_0, C4<0>, C4<0>, C4<0>;
v0x600001a11d40_0 .net "F", 0 0, L_0x60000031edf0;  1 drivers
L_0x140068010 .functor BUFT 1, C4<00000000000000000000000000000001>, C4<0>, C4<0>, C4<0>;
v0x600001a11dd0_0 .net/2s *"_ivl_0", 31 0, L_0x140068010;  1 drivers
L_0x1400680a0 .functor BUFT 1, C4<00000000000000000000000000000000>, C4<0>, C4<0>, C4<0>;
v0x600001a11e60_0 .net/2s *"_ivl_10", 31 0, L_0x1400680a0;  1 drivers
L_0x1400680e8 .functor BUFT 1, C4<00000000000000000000000000000001>, C4<0>, C4<0>, C4<0>;
v0x600001a11ef0_0 .net/2s *"_ivl_14", 31 0, L_0x1400680e8;  1 drivers
L_0x140068130 .functor BUFT 1, C4<00000000000000000000000000000001>, C4<0>, C4<0>, C4<0>;
v0x600001a11f80_0 .net/2s *"_ivl_18", 31 0, L_0x140068130;  1 drivers
L_0x140068178 .functor BUFT 1, C4<00000000000000000000000000000001>, C4<0>, C4<0>, C4<0>;
v0x600001a12010_0 .net/2s *"_ivl_22", 31 0, L_0x140068178;  1 drivers
L_0x1400681c0 .functor BUFT 1, C4<00000000000000000000000000000001>, C4<0>, C4<0>, C4<0>;
v0x600001a120a0_0 .net/2s *"_ivl_26", 31 0, L_0x1400681c0;  1 drivers
L_0x140068208 .functor BUFT 1, C4<00000000000000000000000000000000>, C4<0>, C4<0>, C4<0>;
v0x600001a12130_0 .net/2s *"_ivl_32", 31 0, L_0x140068208;  1 drivers
L_0x140068250 .functor BUFT 1, C4<00000000000000000000000000000001>, C4<0>, C4<0>, C4<0>;
v0x600001a121c0_0 .net/2s *"_ivl_36", 31 0, L_0x140068250;  1 drivers
L_0x140068058 .functor BUFT 1, C4<00000000000000000000000000000001>, C4<0>, C4<0>, C4<0>;
v0x600001a12250_0 .net/2s *"_ivl_4", 31 0, L_0x140068058;  1 drivers
L_0x140068298 .functor BUFT 1, C4<00000000000000000000000000000001>, C4<0>, C4<0>, C4<0>;
v0x600001a122e0_0 .net/2s *"_ivl_40", 31 0, L_0x140068298;  1 drivers
v0x600001a12370_0 .var "a", 0 0;
v0x600001a12400_0 .var "b", 0 0;
v0x600001a12490_0 .var "c", 0 0;
v0x600001a12520_0 .var "d", 0 0;
v0x600001a125b0_0 .net "out1", 0 0, v0x600001a10990_0;  1 drivers
v0x600001a12640_0 .net "out2", 0 0, v0x600001a10e10_0;  1 drivers
v0x600001a126d0_0 .net "y1", 0 0, v0x600001a10480_0;  1 drivers
v0x600001a12760_0 .net "y2", 0 0, L_0x60000031e680;  1 drivers
L_0x600001910000 .part L_0x140068010, 0, 1;
L_0x6000019100a0 .part L_0x140068058, 0, 1;
L_0x600001910140 .part L_0x1400680a0, 0, 1;
L_0x6000019101e0 .part L_0x1400680e8, 0, 1;
L_0x600001910280 .part L_0x140068130, 0, 1;
L_0x600001910320 .part L_0x140068178, 0, 1;
L_0x6000019103c0 .part L_0x1400681c0, 0, 1;
L_0x600001910460 .part L_0x140068208, 0, 1;
L_0x600001910500 .part L_0x140068250, 0, 1;
L_0x6000019105a0 .part L_0x140068298, 0, 1;
S_0x149f049a0 .scope module, "func1" "mux8x1" 2 10, 3 7 0, S_0x149f05660;
 .timescale 0 -1;
    .port_info 0 /INPUT 1 "i0";
    .port_info 1 /INPUT 1 "i1";
    .port_info 2 /INPUT 1 "i2";
    .port_info 3 /INPUT 1 "i3";
    .port_info 4 /INPUT 1 "i4";
    .port_info 5 /INPUT 1 "i5";
    .port_info 6 /INPUT 1 "i6";
    .port_info 7 /INPUT 1 "i7";
    .port_info 8 /INPUT 1 "sel0";
    .port_info 9 /INPUT 1 "sel1";
    .port_info 10 /INPUT 1 "sel2";
    .port_info 11 /OUTPUT 1 "out";
v0x600001a10000_0 .net "i0", 0 0, L_0x600001910000;  1 drivers
v0x600001a10090_0 .net "i1", 0 0, L_0x6000019100a0;  1 drivers
v0x600001a10120_0 .net "i2", 0 0, L_0x60000031e530;  1 drivers
v0x600001a101b0_0 .net "i3", 0 0, v0x600001a12370_0;  1 drivers
v0x600001a10240_0 .net "i4", 0 0, L_0x600001910140;  1 drivers
v0x600001a102d0_0 .net "i5", 0 0, L_0x6000019101e0;  1 drivers
v0x600001a10360_0 .net "i6", 0 0, L_0x600001910280;  1 drivers
v0x600001a103f0_0 .net "i7", 0 0, v0x600001a12370_0;  alias, 1 drivers
v0x600001a10480_0 .var "out", 0 0;
v0x600001a10510_0 .net "sel0", 0 0, v0x600001a12520_0;  1 drivers
v0x600001a105a0_0 .net "sel1", 0 0, v0x600001a12490_0;  1 drivers
v0x600001a10630_0 .net "sel2", 0 0, v0x600001a12400_0;  1 drivers
E_0x600002618ea0/0 .event edge, v0x600001a10630_0, v0x600001a105a0_0, v0x600001a10510_0, v0x600001a10000_0;
E_0x600002618ea0/1 .event edge, v0x600001a10090_0, v0x600001a10120_0, v0x600001a101b0_0, v0x600001a10240_0;
E_0x600002618ea0/2 .event edge, v0x600001a102d0_0, v0x600001a10360_0, v0x600001a101b0_0;
E_0x600002618ea0 .event/or E_0x600002618ea0/0, E_0x600002618ea0/1, E_0x600002618ea0/2;
S_0x149f041c0 .scope module, "func2" "mux4x1" 2 13, 3 31 0, S_0x149f05660;
 .timescale 0 -1;
    .port_info 0 /INPUT 1 "i0";
    .port_info 1 /INPUT 1 "i1";
    .port_info 2 /INPUT 1 "i2";
    .port_info 3 /INPUT 1 "i3";
    .port_info 4 /INPUT 1 "sel0";
    .port_info 5 /INPUT 1 "sel1";
    .port_info 6 /INPUT 1 "E";
    .port_info 7 /OUTPUT 1 "out";
v0x600001a106c0_0 .net "E", 0 0, v0x600001a12400_0;  alias, 1 drivers
v0x600001a10750_0 .net "i0", 0 0, L_0x600001910320;  1 drivers
v0x600001a107e0_0 .net "i1", 0 0, L_0x6000019103c0;  1 drivers
v0x600001a10870_0 .net "i2", 0 0, L_0x60000031e5a0;  1 drivers
v0x600001a10900_0 .net "i3", 0 0, v0x600001a12370_0;  alias, 1 drivers
v0x600001a10990_0 .var "out", 0 0;
v0x600001a10a20_0 .net "sel0", 0 0, v0x600001a12520_0;  alias, 1 drivers
v0x600001a10ab0_0 .net "sel1", 0 0, v0x600001a12490_0;  alias, 1 drivers
E_0x600002618e70/0 .event edge, v0x600001a10630_0, v0x600001a105a0_0, v0x600001a10510_0, v0x600001a10750_0;
E_0x600002618e70/1 .event edge, v0x600001a107e0_0, v0x600001a10870_0, v0x600001a101b0_0;
E_0x600002618e70 .event/or E_0x600002618e70/0, E_0x600002618e70/1;
S_0x149f04330 .scope module, "func3" "mux4x1" 2 14, 3 31 0, S_0x149f05660;
 .timescale 0 -1;
    .port_info 0 /INPUT 1 "i0";
    .port_info 1 /INPUT 1 "i1";
    .port_info 2 /INPUT 1 "i2";
    .port_info 3 /INPUT 1 "i3";
    .port_info 4 /INPUT 1 "sel0";
    .port_info 5 /INPUT 1 "sel1";
    .port_info 6 /INPUT 1 "E";
    .port_info 7 /OUTPUT 1 "out";
v0x600001a10b40_0 .net "E", 0 0, L_0x60000031e610;  1 drivers
v0x600001a10bd0_0 .net "i0", 0 0, L_0x600001910460;  1 drivers
v0x600001a10c60_0 .net "i1", 0 0, L_0x600001910500;  1 drivers
v0x600001a10cf0_0 .net "i2", 0 0, L_0x6000019105a0;  1 drivers
v0x600001a10d80_0 .net "i3", 0 0, v0x600001a12370_0;  alias, 1 drivers
v0x600001a10e10_0 .var "out", 0 0;
v0x600001a10ea0_0 .net "sel0", 0 0, v0x600001a12520_0;  alias, 1 drivers
v0x600001a10f30_0 .net "sel1", 0 0, v0x600001a12490_0;  alias, 1 drivers
E_0x600002618f00/0 .event edge, v0x600001a10b40_0, v0x600001a105a0_0, v0x600001a10510_0, v0x600001a10bd0_0;
E_0x600002618f00/1 .event edge, v0x600001a10c60_0, v0x600001a10cf0_0, v0x600001a101b0_0;
E_0x600002618f00 .event/or E_0x600002618f00/0, E_0x600002618f00/1;
S_0x149f044a0 .scope module, "func4" "ORgate" 2 15, 3 49 0, S_0x149f05660;
 .timescale 0 -1;
    .port_info 0 /INPUT 1 "in1";
    .port_info 1 /INPUT 1 "in2";
    .port_info 2 /OUTPUT 1 "out";
L_0x60000031e680 .functor OR 1, v0x600001a10990_0, v0x600001a10e10_0, C4<0>, C4<0>;
v0x600001a10fc0_0 .net "in1", 0 0, v0x600001a10990_0;  alias, 1 drivers
v0x600001a11050_0 .net "in2", 0 0, v0x600001a10e10_0;  alias, 1 drivers
v0x600001a110e0_0 .net "out", 0 0, L_0x60000031e680;  alias, 1 drivers
S_0x149f04610 .scope module, "func5" "kmap" 2 18, 3 1 0, S_0x149f05660;
 .timescale 0 -1;
    .port_info 0 /INPUT 1 "A";
    .port_info 1 /INPUT 1 "B";
    .port_info 2 /INPUT 1 "C";
    .port_info 3 /INPUT 1 "D";
    .port_info 4 /OUTPUT 1 "out";
L_0x60000031e6f0 .functor AND 1, v0x600001a12370_0, v0x600001a12520_0, C4<1>, C4<1>;
L_0x60000031e760 .functor NOT 1, v0x600001a12400_0, C4<0>, C4<0>, C4<0>;
L_0x60000031e7d0 .functor NOT 1, v0x600001a12490_0, C4<0>, C4<0>, C4<0>;
L_0x60000031e840 .functor AND 1, L_0x60000031e760, L_0x60000031e7d0, C4<1>, C4<1>;
L_0x60000031e8b0 .functor OR 1, L_0x60000031e6f0, L_0x60000031e840, C4<0>, C4<0>;
L_0x60000031e920 .functor NOT 1, v0x600001a12490_0, C4<0>, C4<0>, C4<0>;
L_0x60000031e990 .functor AND 1, L_0x60000031e920, v0x600001a12520_0, C4<1>, C4<1>;
L_0x60000031ea00 .functor OR 1, L_0x60000031e8b0, L_0x60000031e990, C4<0>, C4<0>;
L_0x60000031ea70 .functor NOT 1, v0x600001a12370_0, C4<0>, C4<0>, C4<0>;
L_0x60000031eae0 .functor AND 1, L_0x60000031ea70, v0x600001a12490_0, C4<1>, C4<1>;
L_0x60000031eb50 .functor NOT 1, v0x600001a12520_0, C4<0>, C4<0>, C4<0>;
L_0x60000031ebc0 .functor AND 1, L_0x60000031eae0, L_0x60000031eb50, C4<1>, C4<1>;
L_0x60000031ec30 .functor OR 1, L_0x60000031ea00, L_0x60000031ebc0, C4<0>, C4<0>;
L_0x60000031ed10 .functor AND 1, v0x600001a12400_0, v0x600001a12490_0, C4<1>, C4<1>;
L_0x60000031ed80 .functor NOT 1, v0x600001a12520_0, C4<0>, C4<0>, C4<0>;
L_0x60000031eca0 .functor AND 1, L_0x60000031ed10, L_0x60000031ed80, C4<1>, C4<1>;
L_0x60000031edf0 .functor OR 1, L_0x60000031ec30, L_0x60000031eca0, C4<0>, C4<0>;
v0x600001a11170_0 .net "A", 0 0, v0x600001a12370_0;  alias, 1 drivers
v0x600001a11200_0 .net "B", 0 0, v0x600001a12400_0;  alias, 1 drivers
v0x600001a11290_0 .net "C", 0 0, v0x600001a12490_0;  alias, 1 drivers
v0x600001a11320_0 .net "D", 0 0, v0x600001a12520_0;  alias, 1 drivers
v0x600001a113b0_0 .net *"_ivl_0", 0 0, L_0x60000031e6f0;  1 drivers
v0x600001a11440_0 .net *"_ivl_10", 0 0, L_0x60000031e920;  1 drivers
v0x600001a114d0_0 .net *"_ivl_12", 0 0, L_0x60000031e990;  1 drivers
v0x600001a11560_0 .net *"_ivl_14", 0 0, L_0x60000031ea00;  1 drivers
v0x600001a115f0_0 .net *"_ivl_16", 0 0, L_0x60000031ea70;  1 drivers
v0x600001a11680_0 .net *"_ivl_18", 0 0, L_0x60000031eae0;  1 drivers
v0x600001a11710_0 .net *"_ivl_2", 0 0, L_0x60000031e760;  1 drivers
v0x600001a117a0_0 .net *"_ivl_20", 0 0, L_0x60000031eb50;  1 drivers
v0x600001a11830_0 .net *"_ivl_22", 0 0, L_0x60000031ebc0;  1 drivers
v0x600001a118c0_0 .net *"_ivl_24", 0 0, L_0x60000031ec30;  1 drivers
v0x600001a11950_0 .net *"_ivl_26", 0 0, L_0x60000031ed10;  1 drivers
v0x600001a119e0_0 .net *"_ivl_28", 0 0, L_0x60000031ed80;  1 drivers
v0x600001a11a70_0 .net *"_ivl_30", 0 0, L_0x60000031eca0;  1 drivers
v0x600001a11b00_0 .net *"_ivl_4", 0 0, L_0x60000031e7d0;  1 drivers
v0x600001a11b90_0 .net *"_ivl_6", 0 0, L_0x60000031e840;  1 drivers
v0x600001a11c20_0 .net *"_ivl_8", 0 0, L_0x60000031e8b0;  1 drivers
v0x600001a11cb0_0 .net "out", 0 0, L_0x60000031edf0;  alias, 1 drivers
    .scope S_0x149f049a0;
T_0 ;
    %wait E_0x600002618ea0;
    %load/vec4 v0x600001a10630_0;
    %inv;
    %load/vec4 v0x600001a105a0_0;
    %inv;
    %and;
    %load/vec4 v0x600001a10510_0;
    %inv;
    %and;
    %flag_set/vec4 8;
    %jmp/0xz  T_0.0, 8;
    %load/vec4 v0x600001a10000_0;
    %store/vec4 v0x600001a10480_0, 0, 1;
    %jmp T_0.1;
T_0.0 ;
    %load/vec4 v0x600001a10630_0;
    %inv;
    %load/vec4 v0x600001a105a0_0;
    %inv;
    %and;
    %load/vec4 v0x600001a10510_0;
    %and;
    %flag_set/vec4 8;
    %jmp/0xz  T_0.2, 8;
    %load/vec4 v0x600001a10090_0;
    %store/vec4 v0x600001a10480_0, 0, 1;
    %jmp T_0.3;
T_0.2 ;
    %load/vec4 v0x600001a10630_0;
    %inv;
    %load/vec4 v0x600001a105a0_0;
    %and;
    %load/vec4 v0x600001a10510_0;
    %inv;
    %and;
    %flag_set/vec4 8;
    %jmp/0xz  T_0.4, 8;
    %load/vec4 v0x600001a10120_0;
    %store/vec4 v0x600001a10480_0, 0, 1;
    %jmp T_0.5;
T_0.4 ;
    %load/vec4 v0x600001a10630_0;
    %inv;
    %load/vec4 v0x600001a105a0_0;
    %and;
    %load/vec4 v0x600001a10510_0;
    %and;
    %flag_set/vec4 8;
    %jmp/0xz  T_0.6, 8;
    %load/vec4 v0x600001a101b0_0;
    %store/vec4 v0x600001a10480_0, 0, 1;
    %jmp T_0.7;
T_0.6 ;
    %load/vec4 v0x600001a10630_0;
    %load/vec4 v0x600001a105a0_0;
    %inv;
    %and;
    %load/vec4 v0x600001a10510_0;
    %inv;
    %and;
    %flag_set/vec4 8;
    %jmp/0xz  T_0.8, 8;
    %load/vec4 v0x600001a10240_0;
    %store/vec4 v0x600001a10480_0, 0, 1;
    %jmp T_0.9;
T_0.8 ;
    %load/vec4 v0x600001a10630_0;
    %load/vec4 v0x600001a105a0_0;
    %inv;
    %and;
    %load/vec4 v0x600001a10510_0;
    %and;
    %flag_set/vec4 8;
    %jmp/0xz  T_0.10, 8;
    %load/vec4 v0x600001a102d0_0;
    %store/vec4 v0x600001a10480_0, 0, 1;
    %jmp T_0.11;
T_0.10 ;
    %load/vec4 v0x600001a10630_0;
    %load/vec4 v0x600001a105a0_0;
    %and;
    %load/vec4 v0x600001a10510_0;
    %inv;
    %and;
    %flag_set/vec4 8;
    %jmp/0xz  T_0.12, 8;
    %load/vec4 v0x600001a10360_0;
    %store/vec4 v0x600001a10480_0, 0, 1;
    %jmp T_0.13;
T_0.12 ;
    %load/vec4 v0x600001a10630_0;
    %load/vec4 v0x600001a105a0_0;
    %and;
    %load/vec4 v0x600001a10510_0;
    %and;
    %flag_set/vec4 8;
    %jmp/0xz  T_0.14, 8;
    %load/vec4 v0x600001a103f0_0;
    %store/vec4 v0x600001a10480_0, 0, 1;
T_0.14 ;
T_0.13 ;
T_0.11 ;
T_0.9 ;
T_0.7 ;
T_0.5 ;
T_0.3 ;
T_0.1 ;
    %jmp T_0;
    .thread T_0, $push;
    .scope S_0x149f041c0;
T_1 ;
    %wait E_0x600002618e70;
    %load/vec4 v0x600001a106c0_0;
    %flag_set/vec4 8;
    %jmp/0xz  T_1.0, 8;
    %pushi/vec4 0, 0, 1;
    %store/vec4 v0x600001a10990_0, 0, 1;
    %jmp T_1.1;
T_1.0 ;
    %load/vec4 v0x600001a10ab0_0;
    %inv;
    %load/vec4 v0x600001a10a20_0;
    %inv;
    %and;
    %flag_set/vec4 8;
    %jmp/0xz  T_1.2, 8;
    %load/vec4 v0x600001a10750_0;
    %store/vec4 v0x600001a10990_0, 0, 1;
    %jmp T_1.3;
T_1.2 ;
    %load/vec4 v0x600001a10ab0_0;
    %inv;
    %load/vec4 v0x600001a10a20_0;
    %and;
    %flag_set/vec4 8;
    %jmp/0xz  T_1.4, 8;
    %load/vec4 v0x600001a107e0_0;
    %store/vec4 v0x600001a10990_0, 0, 1;
    %jmp T_1.5;
T_1.4 ;
    %load/vec4 v0x600001a10ab0_0;
    %load/vec4 v0x600001a10a20_0;
    %inv;
    %and;
    %flag_set/vec4 8;
    %jmp/0xz  T_1.6, 8;
    %load/vec4 v0x600001a10870_0;
    %store/vec4 v0x600001a10990_0, 0, 1;
    %jmp T_1.7;
T_1.6 ;
    %load/vec4 v0x600001a10ab0_0;
    %load/vec4 v0x600001a10a20_0;
    %and;
    %flag_set/vec4 8;
    %jmp/0xz  T_1.8, 8;
    %load/vec4 v0x600001a10900_0;
    %store/vec4 v0x600001a10990_0, 0, 1;
T_1.8 ;
T_1.7 ;
T_1.5 ;
T_1.3 ;
T_1.1 ;
    %jmp T_1;
    .thread T_1, $push;
    .scope S_0x149f04330;
T_2 ;
    %wait E_0x600002618f00;
    %load/vec4 v0x600001a10b40_0;
    %flag_set/vec4 8;
    %jmp/0xz  T_2.0, 8;
    %pushi/vec4 0, 0, 1;
    %store/vec4 v0x600001a10e10_0, 0, 1;
    %jmp T_2.1;
T_2.0 ;
    %load/vec4 v0x600001a10f30_0;
    %inv;
    %load/vec4 v0x600001a10ea0_0;
    %inv;
    %and;
    %flag_set/vec4 8;
    %jmp/0xz  T_2.2, 8;
    %load/vec4 v0x600001a10bd0_0;
    %store/vec4 v0x600001a10e10_0, 0, 1;
    %jmp T_2.3;
T_2.2 ;
    %load/vec4 v0x600001a10f30_0;
    %inv;
    %load/vec4 v0x600001a10ea0_0;
    %and;
    %flag_set/vec4 8;
    %jmp/0xz  T_2.4, 8;
    %load/vec4 v0x600001a10c60_0;
    %store/vec4 v0x600001a10e10_0, 0, 1;
    %jmp T_2.5;
T_2.4 ;
    %load/vec4 v0x600001a10f30_0;
    %load/vec4 v0x600001a10ea0_0;
    %inv;
    %and;
    %flag_set/vec4 8;
    %jmp/0xz  T_2.6, 8;
    %load/vec4 v0x600001a10cf0_0;
    %store/vec4 v0x600001a10e10_0, 0, 1;
    %jmp T_2.7;
T_2.6 ;
    %load/vec4 v0x600001a10f30_0;
    %load/vec4 v0x600001a10ea0_0;
    %and;
    %flag_set/vec4 8;
    %jmp/0xz  T_2.8, 8;
    %load/vec4 v0x600001a10d80_0;
    %store/vec4 v0x600001a10e10_0, 0, 1;
T_2.8 ;
T_2.7 ;
T_2.5 ;
T_2.3 ;
T_2.1 ;
    %jmp T_2;
    .thread T_2, $push;
    .scope S_0x149f05660;
T_3 ;
    %vpi_call 2 22 "$monitor", "a=%b,b=%b,c=%b,d=%b,y1=%b,y2=%b,F=%b", v0x600001a12370_0, v0x600001a12400_0, v0x600001a12490_0, v0x600001a12520_0, v0x600001a126d0_0, v0x600001a12760_0, v0x600001a11d40_0 {0 0 0};
    %vpi_call 2 23 "$dumpfile", "design.vcd" {0 0 0};
    %vpi_call 2 24 "$dumpvars", 32'sb00000000000000000000000000000000, S_0x149f05660 {0 0 0};
    %pushi/vec4 0, 0, 1;
    %store/vec4 v0x600001a12370_0, 0, 1;
    %pushi/vec4 0, 0, 1;
    %store/vec4 v0x600001a12400_0, 0, 1;
    %pushi/vec4 0, 0, 1;
    %store/vec4 v0x600001a12490_0, 0, 1;
    %pushi/vec4 0, 0, 1;
    %store/vec4 v0x600001a12520_0, 0, 1;
    %delay 100, 0;
    %pushi/vec4 0, 0, 1;
    %store/vec4 v0x600001a12370_0, 0, 1;
    %pushi/vec4 0, 0, 1;
    %store/vec4 v0x600001a12400_0, 0, 1;
    %pushi/vec4 0, 0, 1;
    %store/vec4 v0x600001a12490_0, 0, 1;
    %pushi/vec4 1, 0, 1;
    %store/vec4 v0x600001a12520_0, 0, 1;
    %delay 100, 0;
    %pushi/vec4 0, 0, 1;
    %store/vec4 v0x600001a12370_0, 0, 1;
    %pushi/vec4 0, 0, 1;
    %store/vec4 v0x600001a12400_0, 0, 1;
    %pushi/vec4 1, 0, 1;
    %store/vec4 v0x600001a12490_0, 0, 1;
    %pushi/vec4 0, 0, 1;
    %store/vec4 v0x600001a12520_0, 0, 1;
    %delay 100, 0;
    %pushi/vec4 0, 0, 1;
    %store/vec4 v0x600001a12370_0, 0, 1;
    %pushi/vec4 0, 0, 1;
    %store/vec4 v0x600001a12400_0, 0, 1;
    %pushi/vec4 1, 0, 1;
    %store/vec4 v0x600001a12490_0, 0, 1;
    %pushi/vec4 1, 0, 1;
    %store/vec4 v0x600001a12520_0, 0, 1;
    %delay 100, 0;
    %pushi/vec4 0, 0, 1;
    %store/vec4 v0x600001a12370_0, 0, 1;
    %pushi/vec4 1, 0, 1;
    %store/vec4 v0x600001a12400_0, 0, 1;
    %pushi/vec4 0, 0, 1;
    %store/vec4 v0x600001a12490_0, 0, 1;
    %pushi/vec4 0, 0, 1;
    %store/vec4 v0x600001a12520_0, 0, 1;
    %delay 100, 0;
    %pushi/vec4 0, 0, 1;
    %store/vec4 v0x600001a12370_0, 0, 1;
    %pushi/vec4 1, 0, 1;
    %store/vec4 v0x600001a12400_0, 0, 1;
    %pushi/vec4 0, 0, 1;
    %store/vec4 v0x600001a12490_0, 0, 1;
    %pushi/vec4 1, 0, 1;
    %store/vec4 v0x600001a12520_0, 0, 1;
    %delay 100, 0;
    %pushi/vec4 0, 0, 1;
    %store/vec4 v0x600001a12370_0, 0, 1;
    %pushi/vec4 1, 0, 1;
    %store/vec4 v0x600001a12400_0, 0, 1;
    %pushi/vec4 1, 0, 1;
    %store/vec4 v0x600001a12490_0, 0, 1;
    %pushi/vec4 0, 0, 1;
    %store/vec4 v0x600001a12520_0, 0, 1;
    %delay 100, 0;
    %pushi/vec4 0, 0, 1;
    %store/vec4 v0x600001a12370_0, 0, 1;
    %pushi/vec4 1, 0, 1;
    %store/vec4 v0x600001a12400_0, 0, 1;
    %pushi/vec4 1, 0, 1;
    %store/vec4 v0x600001a12490_0, 0, 1;
    %pushi/vec4 1, 0, 1;
    %store/vec4 v0x600001a12520_0, 0, 1;
    %delay 100, 0;
    %pushi/vec4 1, 0, 1;
    %store/vec4 v0x600001a12370_0, 0, 1;
    %pushi/vec4 0, 0, 1;
    %store/vec4 v0x600001a12400_0, 0, 1;
    %pushi/vec4 0, 0, 1;
    %store/vec4 v0x600001a12490_0, 0, 1;
    %pushi/vec4 0, 0, 1;
    %store/vec4 v0x600001a12520_0, 0, 1;
    %delay 100, 0;
    %pushi/vec4 1, 0, 1;
    %store/vec4 v0x600001a12370_0, 0, 1;
    %pushi/vec4 0, 0, 1;
    %store/vec4 v0x600001a12400_0, 0, 1;
    %pushi/vec4 0, 0, 1;
    %store/vec4 v0x600001a12490_0, 0, 1;
    %pushi/vec4 1, 0, 1;
    %store/vec4 v0x600001a12520_0, 0, 1;
    %delay 100, 0;
    %pushi/vec4 1, 0, 1;
    %store/vec4 v0x600001a12370_0, 0, 1;
    %pushi/vec4 0, 0, 1;
    %store/vec4 v0x600001a12400_0, 0, 1;
    %pushi/vec4 1, 0, 1;
    %store/vec4 v0x600001a12490_0, 0, 1;
    %pushi/vec4 0, 0, 1;
    %store/vec4 v0x600001a12520_0, 0, 1;
    %delay 100, 0;
    %pushi/vec4 1, 0, 1;
    %store/vec4 v0x600001a12370_0, 0, 1;
    %pushi/vec4 0, 0, 1;
    %store/vec4 v0x600001a12400_0, 0, 1;
    %pushi/vec4 1, 0, 1;
    %store/vec4 v0x600001a12490_0, 0, 1;
    %pushi/vec4 1, 0, 1;
    %store/vec4 v0x600001a12520_0, 0, 1;
    %delay 100, 0;
    %pushi/vec4 1, 0, 1;
    %store/vec4 v0x600001a12370_0, 0, 1;
    %pushi/vec4 1, 0, 1;
    %store/vec4 v0x600001a12400_0, 0, 1;
    %pushi/vec4 0, 0, 1;
    %store/vec4 v0x600001a12490_0, 0, 1;
    %pushi/vec4 0, 0, 1;
    %store/vec4 v0x600001a12520_0, 0, 1;
    %delay 100, 0;
    %pushi/vec4 1, 0, 1;
    %store/vec4 v0x600001a12370_0, 0, 1;
    %pushi/vec4 1, 0, 1;
    %store/vec4 v0x600001a12400_0, 0, 1;
    %pushi/vec4 0, 0, 1;
    %store/vec4 v0x600001a12490_0, 0, 1;
    %pushi/vec4 1, 0, 1;
    %store/vec4 v0x600001a12520_0, 0, 1;
    %delay 100, 0;
    %pushi/vec4 1, 0, 1;
    %store/vec4 v0x600001a12370_0, 0, 1;
    %pushi/vec4 1, 0, 1;
    %store/vec4 v0x600001a12400_0, 0, 1;
    %pushi/vec4 1, 0, 1;
    %store/vec4 v0x600001a12490_0, 0, 1;
    %pushi/vec4 0, 0, 1;
    %store/vec4 v0x600001a12520_0, 0, 1;
    %delay 100, 0;
    %pushi/vec4 1, 0, 1;
    %store/vec4 v0x600001a12370_0, 0, 1;
    %pushi/vec4 1, 0, 1;
    %store/vec4 v0x600001a12400_0, 0, 1;
    %pushi/vec4 1, 0, 1;
    %store/vec4 v0x600001a12490_0, 0, 1;
    %pushi/vec4 1, 0, 1;
    %store/vec4 v0x600001a12520_0, 0, 1;
    %delay 100, 0;
    %vpi_call 2 46 "$finish" {0 0 0};
    %end;
    .thread T_3;
# The file index is used to find the file name in the following table.
:file_names 4;
    "N/A";
    "<interactive>";
    "main.v";
    "./design.v";
