#! /opt/homebrew/Cellar/icarus-verilog/11.0/bin/vvp
:ivl_version "11.0 (stable)";
:ivl_delay_selection "TYPICAL";
:vpi_time_precision - 1;
:vpi_module "/opt/homebrew/Cellar/icarus-verilog/11.0/lib/ivl/system.vpi";
:vpi_module "/opt/homebrew/Cellar/icarus-verilog/11.0/lib/ivl/vhdl_sys.vpi";
:vpi_module "/opt/homebrew/Cellar/icarus-verilog/11.0/lib/ivl/vhdl_textio.vpi";
:vpi_module "/opt/homebrew/Cellar/icarus-verilog/11.0/lib/ivl/v2005_math.vpi";
:vpi_module "/opt/homebrew/Cellar/icarus-verilog/11.0/lib/ivl/va_math.vpi";
S_0x14e706d20 .scope module, "fsm_tb" "fsm_tb" 2 3;
 .timescale 0 -1;
L_0x6000023cc5b0 .functor AND 1, v0x600003ac47e0_0, v0x600003ac4a20_0, C4<1>, C4<1>;
L_0x6000023cc620 .functor AND 1, v0x600003ac4cf0_0, v0x600003ac47e0_0, C4<1>, C4<1>;
L_0x6000023cc690 .functor OR 1, L_0x6000023cc5b0, L_0x6000023cc620, C4<0>, C4<0>;
L_0x6000023cc700 .functor AND 1, v0x600003ac47e0_0, v0x600003ac5560_0, C4<1>, C4<1>;
L_0x6000023cc770 .functor OR 1, L_0x6000023cc690, L_0x6000023cc700, C4<0>, C4<0>;
L_0x6000023cc7e0 .functor AND 1, v0x600003ac4d80_0, v0x600003ac4ab0_0, C4<1>, C4<1>;
L_0x6000023cc850 .functor AND 1, L_0x6000023cc7e0, v0x600003ac4750_0, C4<1>, C4<1>;
L_0x6000023cc8c0 .functor AND 1, v0x600003ac4a20_0, v0x600003ac47e0_0, C4<1>, C4<1>;
L_0x6000023cc930 .functor OR 1, L_0x6000023cc850, L_0x6000023cc8c0, C4<0>, C4<0>;
L_0x6000023cc9a0 .functor AND 1, v0x600003ac4cf0_0, v0x600003ac47e0_0, C4<1>, C4<1>;
L_0x6000023cca10 .functor AND 1, v0x600003ac4a20_0, v0x600003ac4750_0, C4<1>, C4<1>;
L_0x6000023cca80 .functor OR 1, L_0x6000023cc9a0, L_0x6000023cca10, C4<0>, C4<0>;
v0x600003ac4f30_0 .var "Y", 0 0;
v0x600003ac4fc0_0 .net *"_ivl_0", 0 0, L_0x6000023cc5b0;  1 drivers
v0x600003ac5050_0 .net *"_ivl_10", 0 0, L_0x6000023cc7e0;  1 drivers
v0x600003ac50e0_0 .net *"_ivl_12", 0 0, L_0x6000023cc850;  1 drivers
v0x600003ac5170_0 .net *"_ivl_14", 0 0, L_0x6000023cc8c0;  1 drivers
v0x600003ac5200_0 .net *"_ivl_18", 0 0, L_0x6000023cc9a0;  1 drivers
v0x600003ac5290_0 .net *"_ivl_2", 0 0, L_0x6000023cc620;  1 drivers
v0x600003ac5320_0 .net *"_ivl_20", 0 0, L_0x6000023cca10;  1 drivers
v0x600003ac53b0_0 .net *"_ivl_4", 0 0, L_0x6000023cc690;  1 drivers
v0x600003ac5440_0 .net *"_ivl_6", 0 0, L_0x6000023cc700;  1 drivers
v0x600003ac54d0_0 .var "clk", 0 0;
v0x600003ac5560_0 .var "in", 0 0;
v0x600003ac55f0_0 .net "q0", 0 0, v0x600003ac4750_0;  1 drivers
v0x600003ac5680_0 .net "q0b", 0 0, v0x600003ac47e0_0;  1 drivers
v0x600003ac5710_0 .net "q1", 0 0, v0x600003ac4a20_0;  1 drivers
v0x600003ac57a0_0 .net "q1b", 0 0, v0x600003ac4ab0_0;  1 drivers
v0x600003ac5830_0 .net "q2", 0 0, v0x600003ac4cf0_0;  1 drivers
v0x600003ac58c0_0 .net "q2b", 0 0, v0x600003ac4d80_0;  1 drivers
S_0x14e706e90 .scope module, "dff1" "dflipp" 2 14, 3 1 0, S_0x14e706d20;
 .timescale 0 -1;
    .port_info 0 /INPUT 1 "D";
    .port_info 1 /INPUT 1 "clk";
    .port_info 2 /OUTPUT 1 "Q";
    .port_info 3 /OUTPUT 1 "Qb";
v0x600003ac46c0_0 .net "D", 0 0, L_0x6000023cc770;  1 drivers
v0x600003ac4750_0 .var "Q", 0 0;
v0x600003ac47e0_0 .var "Qb", 0 0;
v0x600003ac4870_0 .net "clk", 0 0, v0x600003ac54d0_0;  1 drivers
o0x1400080d0 .functor BUFZ 1, C4<z>; HiZ drive
v0x600003ac4900_0 .net "pre", 0 0, o0x1400080d0;  0 drivers
E_0x6000006c14a0 .event posedge, v0x600003ac4870_0;
S_0x14e707000 .scope module, "dff2" "dflipp" 2 15, 3 1 0, S_0x14e706d20;
 .timescale 0 -1;
    .port_info 0 /INPUT 1 "D";
    .port_info 1 /INPUT 1 "clk";
    .port_info 2 /OUTPUT 1 "Q";
    .port_info 3 /OUTPUT 1 "Qb";
v0x600003ac4990_0 .net "D", 0 0, L_0x6000023cc930;  1 drivers
v0x600003ac4a20_0 .var "Q", 0 0;
v0x600003ac4ab0_0 .var "Qb", 0 0;
v0x600003ac4b40_0 .net "clk", 0 0, v0x600003ac54d0_0;  alias, 1 drivers
o0x140008250 .functor BUFZ 1, C4<z>; HiZ drive
v0x600003ac4bd0_0 .net "pre", 0 0, o0x140008250;  0 drivers
S_0x14e707170 .scope module, "dff3" "dflipp" 2 16, 3 1 0, S_0x14e706d20;
 .timescale 0 -1;
    .port_info 0 /INPUT 1 "D";
    .port_info 1 /INPUT 1 "clk";
    .port_info 2 /OUTPUT 1 "Q";
    .port_info 3 /OUTPUT 1 "Qb";
v0x600003ac4c60_0 .net "D", 0 0, L_0x6000023cca80;  1 drivers
v0x600003ac4cf0_0 .var "Q", 0 0;
v0x600003ac4d80_0 .var "Qb", 0 0;
v0x600003ac4e10_0 .net "clk", 0 0, v0x600003ac54d0_0;  alias, 1 drivers
o0x1400083d0 .functor BUFZ 1, C4<z>; HiZ drive
v0x600003ac4ea0_0 .net "pre", 0 0, o0x1400083d0;  0 drivers
    .scope S_0x14e706e90;
T_0 ;
    %pushi/vec4 0, 0, 1;
    %store/vec4 v0x600003ac4750_0, 0, 1;
    %pushi/vec4 1, 0, 1;
    %store/vec4 v0x600003ac47e0_0, 0, 1;
    %end;
    .thread T_0;
    .scope S_0x14e706e90;
T_1 ;
    %wait E_0x6000006c14a0;
    %load/vec4 v0x600003ac46c0_0;
    %pad/u 32;
    %cmpi/e 0, 0, 32;
    %jmp/0xz  T_1.0, 4;
    %pushi/vec4 0, 0, 1;
    %assign/vec4 v0x600003ac4750_0, 0;
    %pushi/vec4 1, 0, 1;
    %assign/vec4 v0x600003ac47e0_0, 0;
    %jmp T_1.1;
T_1.0 ;
    %load/vec4 v0x600003ac46c0_0;
    %pad/u 32;
    %cmpi/e 1, 0, 32;
    %jmp/0xz  T_1.2, 4;
    %pushi/vec4 1, 0, 1;
    %assign/vec4 v0x600003ac4750_0, 0;
    %pushi/vec4 0, 0, 1;
    %assign/vec4 v0x600003ac47e0_0, 0;
T_1.2 ;
T_1.1 ;
    %jmp T_1;
    .thread T_1;
    .scope S_0x14e707000;
T_2 ;
    %pushi/vec4 0, 0, 1;
    %store/vec4 v0x600003ac4a20_0, 0, 1;
    %pushi/vec4 1, 0, 1;
    %store/vec4 v0x600003ac4ab0_0, 0, 1;
    %end;
    .thread T_2;
    .scope S_0x14e707000;
T_3 ;
    %wait E_0x6000006c14a0;
    %load/vec4 v0x600003ac4990_0;
    %pad/u 32;
    %cmpi/e 0, 0, 32;
    %jmp/0xz  T_3.0, 4;
    %pushi/vec4 0, 0, 1;
    %assign/vec4 v0x600003ac4a20_0, 0;
    %pushi/vec4 1, 0, 1;
    %assign/vec4 v0x600003ac4ab0_0, 0;
    %jmp T_3.1;
T_3.0 ;
    %load/vec4 v0x600003ac4990_0;
    %pad/u 32;
    %cmpi/e 1, 0, 32;
    %jmp/0xz  T_3.2, 4;
    %pushi/vec4 1, 0, 1;
    %assign/vec4 v0x600003ac4a20_0, 0;
    %pushi/vec4 0, 0, 1;
    %assign/vec4 v0x600003ac4ab0_0, 0;
T_3.2 ;
T_3.1 ;
    %jmp T_3;
    .thread T_3;
    .scope S_0x14e707170;
T_4 ;
    %pushi/vec4 0, 0, 1;
    %store/vec4 v0x600003ac4cf0_0, 0, 1;
    %pushi/vec4 1, 0, 1;
    %store/vec4 v0x600003ac4d80_0, 0, 1;
    %end;
    .thread T_4;
    .scope S_0x14e707170;
T_5 ;
    %wait E_0x6000006c14a0;
    %load/vec4 v0x600003ac4c60_0;
    %pad/u 32;
    %cmpi/e 0, 0, 32;
    %jmp/0xz  T_5.0, 4;
    %pushi/vec4 0, 0, 1;
    %assign/vec4 v0x600003ac4cf0_0, 0;
    %pushi/vec4 1, 0, 1;
    %assign/vec4 v0x600003ac4d80_0, 0;
    %jmp T_5.1;
T_5.0 ;
    %load/vec4 v0x600003ac4c60_0;
    %pad/u 32;
    %cmpi/e 1, 0, 32;
    %jmp/0xz  T_5.2, 4;
    %pushi/vec4 1, 0, 1;
    %assign/vec4 v0x600003ac4cf0_0, 0;
    %pushi/vec4 0, 0, 1;
    %assign/vec4 v0x600003ac4d80_0, 0;
T_5.2 ;
T_5.1 ;
    %jmp T_5;
    .thread T_5;
    .scope S_0x14e706d20;
T_6 ;
    %wait E_0x6000006c14a0;
    %load/vec4 v0x600003ac5680_0;
    %load/vec4 v0x600003ac5710_0;
    %and;
    %load/vec4 v0x600003ac5680_0;
    %load/vec4 v0x600003ac58c0_0;
    %and;
    %load/vec4 v0x600003ac5560_0;
    %and;
    %or;
    %store/vec4 v0x600003ac4f30_0, 0, 1;
    %jmp T_6;
    .thread T_6;
    .scope S_0x14e706d20;
T_7 ;
    %pushi/vec4 0, 0, 1;
    %store/vec4 v0x600003ac54d0_0, 0, 1;
    %pushi/vec4 0, 0, 1;
    %store/vec4 v0x600003ac4f30_0, 0, 1;
    %vpi_call 2 27 "$monitor", "q2=%b,q1=%b,q0=%b,clock=%b,output=%b", v0x600003ac5830_0, v0x600003ac5710_0, v0x600003ac55f0_0, v0x600003ac54d0_0, v0x600003ac4f30_0 {0 0 0};
    %vpi_call 2 28 "$dumpfile", "fsm.vcd" {0 0 0};
    %vpi_call 2 29 "$dumpvars", 32'sb00000000000000000000000000000000, S_0x14e706d20 {0 0 0};
    %pushi/vec4 1, 0, 1;
    %store/vec4 v0x600003ac5560_0, 0, 1;
    %delay 1200, 0;
    %pushi/vec4 0, 0, 1;
    %store/vec4 v0x600003ac5560_0, 0, 1;
    %delay 1200, 0;
    %pushi/vec4 1, 0, 1;
    %store/vec4 v0x600003ac5560_0, 0, 1;
    %delay 200, 0;
    %pushi/vec4 0, 0, 1;
    %store/vec4 v0x600003ac5560_0, 0, 1;
    %delay 1200, 0;
    %vpi_call 2 35 "$finish" {0 0 0};
    %end;
    .thread T_7;
    .scope S_0x14e706d20;
T_8 ;
    %delay 100, 0;
    %load/vec4 v0x600003ac54d0_0;
    %inv;
    %store/vec4 v0x600003ac54d0_0, 0, 1;
    %jmp T_8;
    .thread T_8;
# The file index is used to find the file name in the following table.
:file_names 4;
    "N/A";
    "<interactive>";
    "fsm_tb.v";
    "./fsm.v";
